Starting auto-update monitor...
From https://github.com/hawk716/shahn1
 * branch            main       -> FETCH_HEAD
From https://github.com/hawk716/shahn1
 * branch            main       -> FETCH_HEAD
From https://github.com/hawk716/shahn1
 * branch            main       -> FETCH_HEAD
From https://github.com/hawk716/shahn1
 * branch            main       -> FETCH_HEAD
From https://github.com/hawk716/shahn1
 * branch            main       -> FETCH_HEAD
From https://github.com/hawk716/shahn1
 * branch            main       -> FETCH_HEAD
From https://github.com/hawk716/shahn1
 * branch            main       -> FETCH_HEAD
From https://github.com/hawk716/shahn1
 * branch            main       -> FETCH_HEAD
From https://github.com/hawk716/shahn1
 * branch            main       -> FETCH_HEAD
From https://github.com/hawk716/shahn1
 * branch            main       -> FETCH_HEAD
From https://github.com/hawk716/shahn1
 * branch            main       -> FETCH_HEAD
From https://github.com/hawk716/shahn1
 * branch            main       -> FETCH_HEAD
From https://github.com/hawk716/shahn1
 * branch            main       -> FETCH_HEAD
From https://github.com/hawk716/shahn1
 * branch            main       -> FETCH_HEAD
From https://github.com/hawk716/shahn1
 * branch            main       -> FETCH_HEAD
From https://github.com/hawk716/shahn1
 * branch            main       -> FETCH_HEAD
From https://github.com/hawk716/shahn1
 * branch            main       -> FETCH_HEAD
From https://github.com/hawk716/shahn1
 * branch            main       -> FETCH_HEAD
From https://github.com/hawk716/shahn1
 * branch            main       -> FETCH_HEAD
From https://github.com/hawk716/shahn1
 * branch            main       -> FETCH_HEAD
From https://github.com/hawk716/shahn1
 * branch            main       -> FETCH_HEAD
From https://github.com/hawk716/shahn1
 * branch            main       -> FETCH_HEAD
From https://github.com/hawk716/shahn1
 * branch            main       -> FETCH_HEAD
From https://github.com/hawk716/shahn1
 * branch            main       -> FETCH_HEAD
From https://github.com/hawk716/shahn1
 * branch            main       -> FETCH_HEAD
From https://github.com/hawk716/shahn1
 * branch            main       -> FETCH_HEAD
From https://github.com/hawk716/shahn1
 * branch            main       -> FETCH_HEAD
From https://github.com/hawk716/shahn1
 * branch            main       -> FETCH_HEAD
From https://github.com/hawk716/shahn1
 * branch            main       -> FETCH_HEAD
From https://github.com/hawk716/shahn1
 * branch            main       -> FETCH_HEAD
From https://github.com/hawk716/shahn1
 * branch            main       -> FETCH_HEAD
From https://github.com/hawk716/shahn1
 * branch            main       -> FETCH_HEAD
From https://github.com/hawk716/shahn1
 * branch            main       -> FETCH_HEAD
From https://github.com/hawk716/shahn1
 * branch            main       -> FETCH_HEAD
From https://github.com/hawk716/shahn1
 * branch            main       -> FETCH_HEAD
From https://github.com/hawk716/shahn1
 * branch            main       -> FETCH_HEAD
From https://github.com/hawk716/shahn1
 * branch            main       -> FETCH_HEAD
From https://github.com/hawk716/shahn1
 * branch            main       -> FETCH_HEAD
From https://github.com/hawk716/shahn1
 * branch            main       -> FETCH_HEAD
From https://github.com/hawk716/shahn1
 * branch            main       -> FETCH_HEAD
From https://github.com/hawk716/shahn1
 * branch            main       -> FETCH_HEAD
From https://github.com/hawk716/shahn1
 * branch            main       -> FETCH_HEAD
From https://github.com/hawk716/shahn1
 * branch            main       -> FETCH_HEAD
From https://github.com/hawk716/shahn1
 * branch            main       -> FETCH_HEAD
From https://github.com/hawk716/shahn1
 * branch            main       -> FETCH_HEAD
From https://github.com/hawk716/shahn1
 * branch            main       -> FETCH_HEAD
From https://github.com/hawk716/shahn1
 * branch            main       -> FETCH_HEAD
From https://github.com/hawk716/shahn1
 * branch            main       -> FETCH_HEAD
From https://github.com/hawk716/shahn1
 * branch            main       -> FETCH_HEAD
From https://github.com/hawk716/shahn1
 * branch            main       -> FETCH_HEAD
From https://github.com/hawk716/shahn1
 * branch            main       -> FETCH_HEAD
From https://github.com/hawk716/shahn1
 * branch            main       -> FETCH_HEAD
From https://github.com/hawk716/shahn1
 * branch            main       -> FETCH_HEAD
From https://github.com/hawk716/shahn1
 * branch            main       -> FETCH_HEAD
From https://github.com/hawk716/shahn1
 * branch            main       -> FETCH_HEAD
From https://github.com/hawk716/shahn1
 * branch            main       -> FETCH_HEAD
From https://github.com/hawk716/shahn1
 * branch            main       -> FETCH_HEAD
From https://github.com/hawk716/shahn1
 * branch            main       -> FETCH_HEAD
From https://github.com/hawk716/shahn1
 * branch            main       -> FETCH_HEAD
From https://github.com/hawk716/shahn1
 * branch            main       -> FETCH_HEAD
From https://github.com/hawk716/shahn1
 * branch            main       -> FETCH_HEAD
From https://github.com/hawk716/shahn1
 * branch            main       -> FETCH_HEAD
Changes detected! Updating project...
From https://github.com/hawk716/shahn1
 * branch            main       -> FETCH_HEAD
Already up to date.
Lockfile is up to date, resolution step is skipped
Already up to date

╭ Warning ─────────────────────────────────────────────────────────────────────╮
│                                                                              │
│   Ignored build scripts: sharp@0.34.5.                                       │
│   Run "pnpm approve-builds" to pick which dependencies should be allowed     │
│   to run scripts.                                                            │
│                                                                              │
╰──────────────────────────────────────────────────────────────────────────────╯
Done in 1.3s using pnpm v10.29.2
Project updated and restarted.
From https://github.com/hawk716/shahn1
 * branch            main       -> FETCH_HEAD
Changes detected! Updating project...
From https://github.com/hawk716/shahn1
 * branch            main       -> FETCH_HEAD
Already up to date.
Lockfile is up to date, resolution step is skipped
Already up to date

╭ Warning ─────────────────────────────────────────────────────────────────────╮
│                                                                              │
│   Ignored build scripts: sharp@0.34.5.                                       │
│   Run "pnpm approve-builds" to pick which dependencies should be allowed     │
│   to run scripts.                                                            │
│                                                                              │
╰──────────────────────────────────────────────────────────────────────────────╯
Done in 998ms using pnpm v10.29.2
Project updated and restarted.
From https://github.com/hawk716/shahn1
 * branch            main       -> FETCH_HEAD
Changes detected! Updating project...
From https://github.com/hawk716/shahn1
 * branch            main       -> FETCH_HEAD
Already up to date.
Lockfile is up to date, resolution step is skipped
Already up to date

╭ Warning ─────────────────────────────────────────────────────────────────────╮
│                                                                              │
│   Ignored build scripts: sharp@0.34.5.                                       │
│   Run "pnpm approve-builds" to pick which dependencies should be allowed     │
│   to run scripts.                                                            │
│                                                                              │
╰──────────────────────────────────────────────────────────────────────────────╯
Done in 1.2s using pnpm v10.29.2
Project updated and restarted.
From https://github.com/hawk716/shahn1
 * branch            main       -> FETCH_HEAD
Changes detected! Updating project...
From https://github.com/hawk716/shahn1
 * branch            main       -> FETCH_HEAD
Already up to date.
Lockfile is up to date, resolution step is skipped
Already up to date

╭ Warning ─────────────────────────────────────────────────────────────────────╮
│                                                                              │
│   Ignored build scripts: sharp@0.34.5.                                       │
│   Run "pnpm approve-builds" to pick which dependencies should be allowed     │
│   to run scripts.                                                            │
│                                                                              │
╰──────────────────────────────────────────────────────────────────────────────╯
Done in 968ms using pnpm v10.29.2
Project updated and restarted.
From https://github.com/hawk716/shahn1
 * branch            main       -> FETCH_HEAD
Changes detected! Updating project...
From https://github.com/hawk716/shahn1
 * branch            main       -> FETCH_HEAD
Already up to date.
Lockfile is up to date, resolution step is skipped
Already up to date

╭ Warning ─────────────────────────────────────────────────────────────────────╮
│                                                                              │
│   Ignored build scripts: sharp@0.34.5.                                       │
│   Run "pnpm approve-builds" to pick which dependencies should be allowed     │
│   to run scripts.                                                            │
│                                                                              │
╰──────────────────────────────────────────────────────────────────────────────╯
Done in 931ms using pnpm v10.29.2
Project updated and restarted.
From https://github.com/hawk716/shahn1
 * branch            main       -> FETCH_HEAD
Changes detected! Updating project...
From https://github.com/hawk716/shahn1
 * branch            main       -> FETCH_HEAD
Already up to date.
Lockfile is up to date, resolution step is skipped
Already up to date

╭ Warning ─────────────────────────────────────────────────────────────────────╮
│                                                                              │
│   Ignored build scripts: sharp@0.34.5.                                       │
│   Run "pnpm approve-builds" to pick which dependencies should be allowed     │
│   to run scripts.                                                            │
│                                                                              │
╰──────────────────────────────────────────────────────────────────────────────╯
Done in 1s using pnpm v10.29.2
Project updated and restarted.
From https://github.com/hawk716/shahn1
 * branch            main       -> FETCH_HEAD
Changes detected! Updating project...
From https://github.com/hawk716/shahn1
 * branch            main       -> FETCH_HEAD
Already up to date.
Lockfile is up to date, resolution step is skipped
Already up to date

╭ Warning ─────────────────────────────────────────────────────────────────────╮
│                                                                              │
│   Ignored build scripts: sharp@0.34.5.                                       │
│   Run "pnpm approve-builds" to pick which dependencies should be allowed     │
│   to run scripts.                                                            │
│                                                                              │
╰──────────────────────────────────────────────────────────────────────────────╯
Done in 1s using pnpm v10.29.2
Project updated and restarted.
From https://github.com/hawk716/shahn1
 * branch            main       -> FETCH_HEAD
Changes detected! Updating project...
From https://github.com/hawk716/shahn1
 * branch            main       -> FETCH_HEAD
Already up to date.
Lockfile is up to date, resolution step is skipped
Already up to date

╭ Warning ─────────────────────────────────────────────────────────────────────╮
│                                                                              │
│   Ignored build scripts: sharp@0.34.5.                                       │
│   Run "pnpm approve-builds" to pick which dependencies should be allowed     │
│   to run scripts.                                                            │
│                                                                              │
╰──────────────────────────────────────────────────────────────────────────────╯
Done in 1s using pnpm v10.29.2
Project updated and restarted.
From https://github.com/hawk716/shahn1
 * branch            main       -> FETCH_HEAD
Changes detected! Updating project...
From https://github.com/hawk716/shahn1
 * branch            main       -> FETCH_HEAD
Already up to date.
Lockfile is up to date, resolution step is skipped
Already up to date

╭ Warning ─────────────────────────────────────────────────────────────────────╮
│                                                                              │
│   Ignored build scripts: sharp@0.34.5.                                       │
│   Run "pnpm approve-builds" to pick which dependencies should be allowed     │
│   to run scripts.                                                            │
│                                                                              │
╰──────────────────────────────────────────────────────────────────────────────╯
Done in 973ms using pnpm v10.29.2
Project updated and restarted.
From https://github.com/hawk716/shahn1
 * branch            main       -> FETCH_HEAD
Changes detected! Updating project...
From https://github.com/hawk716/shahn1
 * branch            main       -> FETCH_HEAD
Already up to date.
Lockfile is up to date, resolution step is skipped
Already up to date

╭ Warning ─────────────────────────────────────────────────────────────────────╮
│                                                                              │
│   Ignored build scripts: sharp@0.34.5.                                       │
│   Run "pnpm approve-builds" to pick which dependencies should be allowed     │
│   to run scripts.                                                            │
│                                                                              │
╰──────────────────────────────────────────────────────────────────────────────╯
Done in 958ms using pnpm v10.29.2
Project updated and restarted.
From https://github.com/hawk716/shahn1
 * branch            main       -> FETCH_HEAD
Changes detected! Updating project...
From https://github.com/hawk716/shahn1
 * branch            main       -> FETCH_HEAD
Already up to date.
Lockfile is up to date, resolution step is skipped
Already up to date

╭ Warning ─────────────────────────────────────────────────────────────────────╮
│                                                                              │
│   Ignored build scripts: sharp@0.34.5.                                       │
│   Run "pnpm approve-builds" to pick which dependencies should be allowed     │
│   to run scripts.                                                            │
│                                                                              │
╰──────────────────────────────────────────────────────────────────────────────╯
Done in 1s using pnpm v10.29.2
Project updated and restarted.
From https://github.com/hawk716/shahn1
 * branch            main       -> FETCH_HEAD
Changes detected! Updating project...
From https://github.com/hawk716/shahn1
 * branch            main       -> FETCH_HEAD
Already up to date.
Lockfile is up to date, resolution step is skipped
Already up to date

╭ Warning ─────────────────────────────────────────────────────────────────────╮
│                                                                              │
│   Ignored build scripts: sharp@0.34.5.                                       │
│   Run "pnpm approve-builds" to pick which dependencies should be allowed     │
│   to run scripts.                                                            │
│                                                                              │
╰──────────────────────────────────────────────────────────────────────────────╯
Done in 2s using pnpm v10.29.2
Project updated and restarted.
